2023-01-01 00:00:01.519 - User logged in [ID: 0]
2023-01-01 00:00:06.293 - Database updated [ID: 1]
2023-01-01 00:00:06.366 - Session started successfully [ID: 2]
2023-01-01 00:00:11.120 - Reconnection attempt [ID: 3]
2023-01-01 00:00:15.638 - Security alert issued [ID: 4]
2023-01-01 00:00:18.089 - Apache server restarted [ID: 5]
2023-01-01 00:00:22.654 - Database updated [ID: 6]
2023-01-01 00:00:24.408 - Database query [ID: 7]
2023-01-01 00:00:27.439 - Database updated [ID: 8]
2023-01-01 00:00:30.680 - Session started successfully [ID: 9]
2023-01-01 00:00:34.731 - Low disk space [ID: 10]
2023-01-01 00:00:38.866 - Backup completed [ID: 11]
2023-01-01 00:00:41.818 - Backup completed [ID: 12]
2023-01-01 00:00:42.282 - Database query [ID: 13]
2023-01-01 00:00:44.897 - Backup completed [ID: 14]
2023-01-01 00:00:48.531 - Configuration file loaded [ID: 15]
2023-01-01 00:00:51.423 - Session started successfully [ID: 16]
2023-01-01 00:00:52.548 - Database updated [ID: 17]
2023-01-01 00:00:54.502 - Backup completed [ID: 18]
2023-01-01 00:00:54.767 - Apache server restarted [ID: 19]
2023-01-01 00:00:56.119 - User logged in [ID: 20]
2023-01-01 00:01:00.214 - Reconnection attempt [ID: 21]
2023-01-01 00:01:00.514 - User logged in [ID: 22]
2023-01-01 00:01:03.936 - Session started successfully [ID: 23]
2023-01-01 00:01:04.886 - User logged out [ID: 24]
2023-01-01 00:01:06.068 - RAM memory exceeding limit [ID: 25]
2023-01-01 00:01:08.961 - Low disk space [ID: 26]
2023-01-01 00:01:10.601 - User logged out [ID: 27]
2023-01-01 00:01:12.033 - Security alert issued [ID: 28]
2023-01-01 00:01:14.834 - User logged in [ID: 29]
2023-01-01 00:01:19.517 - Backup started [ID: 30]
2023-01-01 00:01:21.002 - Low disk space [ID: 31]
2023-01-01 00:01:22.919 - Database updated [ID: 32]
2023-01-01 00:01:23.324 - Low disk space [ID: 33]
2023-01-01 00:01:26.232 - Session started successfully [ID: 34]
2023-01-01 00:01:26.905 - Apache server restarted [ID: 35]
2023-01-01 00:01:29.119 - Cache cleared successfully [ID: 36]
2023-01-01 00:01:33.533 - Low disk space [ID: 37]
2023-01-01 00:01:33.601 - Database query [ID: 38]
2023-01-01 00:01:35.421 - Configuration file loaded [ID: 39]
2023-01-01 00:01:39.905 - User logged in [ID: 40]
2023-01-01 00:01:43.046 - Backup completed [ID: 41]
2023-01-01 00:01:45.534 - Reconnection attempt [ID: 42]
2023-01-01 00:01:46.163 - Backup started [ID: 43]
2023-01-01 00:01:49.956 - Session started successfully [ID: 44]
2023-01-01 00:01:54.304 - User logged out [ID: 45]
2023-01-01 00:01:58.087 - Session started successfully [ID: 46]
2023-01-01 00:02:01.452 - RAM memory exceeding limit [ID: 47]
2023-01-01 00:02:03.106 - Low disk space [ID: 48]
2023-01-01 00:02:05.739 - Database updated [ID: 49]
2023-01-01 00:02:07.457 - Database query [ID: 50]
2023-01-01 00:02:09.843 - Low disk space [ID: 51]
2023-01-01 00:02:12.010 - Backup completed [ID: 52]
2023-01-01 00:02:14.979 - Connection error [ID: 53]
2023-01-01 00:02:19.418 - Cache cleared successfully [ID: 54]
2023-01-01 00:02:19.892 - Cache cleared successfully [ID: 55]
2023-01-01 00:02:21.775 - Database query [ID: 56]
2023-01-01 00:02:24.328 - Security alert issued [ID: 57]
2023-01-01 00:02:26.823 - Session started successfully [ID: 58]
2023-01-01 00:02:30.076 - Low disk space [ID: 59]
2023-01-01 00:02:31.989 - User logged in [ID: 60]
2023-01-01 00:02:32.701 - Configuration file loaded [ID: 61]
2023-01-01 00:02:35.131 - Session started successfully [ID: 62]
2023-01-01 00:02:36.240 - Low disk space [ID: 63]
2023-01-01 00:02:39.004 - Reconnection attempt [ID: 64]
2023-01-01 00:02:41.359 - Security alert issued [ID: 65]
2023-01-01 00:02:44.425 - RAM memory exceeding limit [ID: 66]
2023-01-01 00:02:47.804 - Cache cleared successfully [ID: 67]
2023-01-01 00:02:49.944 - Database updated [ID: 68]
2023-01-01 00:02:52.752 - Session started successfully [ID: 69]
2023-01-01 00:02:53.363 - User logged in [ID: 70]
2023-01-01 00:02:55.908 - Apache server restarted [ID: 71]
2023-01-01 00:02:57.412 - Database updated [ID: 72]
2023-01-01 00:03:01.420 - User logged in [ID: 73]
2023-01-01 00:03:04.355 - Backup started [ID: 74]
2023-01-01 00:03:07.095 - Session started successfully [ID: 75]
2023-01-01 00:03:07.839 - Backup started [ID: 76]
2023-01-01 00:03:12.573 - Database query [ID: 77]
2023-01-01 00:03:13.798 - Cache cleared successfully [ID: 78]
2023-01-01 00:03:17.565 - Connection error [ID: 79]
2023-01-01 00:03:21.849 - User logged in [ID: 80]
2023-01-01 00:03:25.648 - Backup completed [ID: 81]
2023-01-01 00:03:29.939 - RAM memory exceeding limit [ID: 82]
2023-01-01 00:03:33.562 - Session started successfully [ID: 83]
2023-01-01 00:03:36.991 - Backup completed [ID: 84]
2023-01-01 00:03:37.392 - Apache server restarted [ID: 85]
2023-01-01 00:03:41.208 - Apache server restarted [ID: 86]
2023-01-01 00:03:45.311 - Low disk space [ID: 87]
2023-01-01 00:03:47.222 - RAM memory exceeding limit [ID: 88]
2023-01-01 00:03:49.288 - Reconnection attempt [ID: 89]
2023-01-01 00:03:51.232 - User logged out [ID: 90]
2023-01-01 00:03:51.265 - Database updated [ID: 91]
2023-01-01 00:03:54.524 - Backup started [ID: 92]
2023-01-01 00:03:57.999 - Database updated [ID: 93]
2023-01-01 00:04:00.556 - RAM memory exceeding limit [ID: 94]
2023-01-01 00:04:02.998 - Connection error [ID: 95]
2023-01-01 00:04:03.269 - Backup completed [ID: 96]
2023-01-01 00:04:07.426 - User logged in [ID: 97]
2023-01-01 00:04:08.444 - Backup completed [ID: 98]
2023-01-01 00:04:12.725 - Cache cleared successfully [ID: 99]
2023-01-01 00:04:14.778 - User logged in [ID: 100]
2023-01-01 00:04:18.994 - Session started successfully [ID: 101]
2023-01-01 00:04:23.260 - Apache server restarted [ID: 102]
2023-01-01 00:04:23.388 - Connection error [ID: 103]
2023-01-01 00:04:26.603 - Reconnection attempt [ID: 104]
2023-01-01 00:04:30.615 - Security alert issued [ID: 105]
2023-01-01 00:04:34.073 - Apache server restarted [ID: 106]
2023-01-01 00:04:35.379 - Low disk space [ID: 107]
2023-01-01 00:04:40.202 - Low disk space [ID: 108]
2023-01-01 00:04:43.554 - Session started successfully [ID: 109]
2023-01-01 00:04:45.491 - Session started successfully [ID: 110]
2023-01-01 00:04:45.747 - Cache cleared successfully [ID: 111]
2023-01-01 00:04:45.953 - User logged out [ID: 112]
2023-01-01 00:04:50.503 - Reconnection attempt [ID: 113]
2023-01-01 00:04:54.439 - Apache server restarted [ID: 114]
2023-01-01 00:04:55.465 - Low disk space [ID: 115]
2023-01-01 00:04:56.390 - Low disk space [ID: 116]
2023-01-01 00:05:00.365 - Session started successfully [ID: 117]
2023-01-01 00:05:03.194 - Session started successfully [ID: 118]
2023-01-01 00:05:06.423 - Backup started [ID: 119]
2023-01-01 00:05:11.159 - User logged in [ID: 120]
2023-01-01 00:05:14.266 - Cache cleared successfully [ID: 121]
2023-01-01 00:05:16.964 - Connection error [ID: 122]
2023-01-01 00:05:21.800 - Session started successfully [ID: 123]
2023-01-01 00:05:22.786 - Security alert issued [ID: 124]
2023-01-01 00:05:26.067 - Low disk space [ID: 125]
2023-01-01 00:05:26.884 - User logged out [ID: 126]
2023-01-01 00:05:27.839 - Security alert issued [ID: 127]
2023-01-01 00:05:32.768 - Low disk space [ID: 128]
2023-01-01 00:05:32.813 - User logged in [ID: 129]
2023-01-01 00:05:37.326 - Configuration file loaded [ID: 130]
2023-01-01 00:05:40.422 - Security alert issued [ID: 131]
2023-01-01 00:05:43.836 - RAM memory exceeding limit [ID: 132]
2023-01-01 00:05:48.409 - Security alert issued [ID: 133]
2023-01-01 00:05:50.442 - Database query [ID: 134]
2023-01-01 00:05:50.703 - Security alert issued [ID: 135]
2023-01-01 00:05:51.418 - Security alert issued [ID: 136]
2023-01-01 00:05:53.678 - Database updated [ID: 137]
2023-01-01 00:05:56.157 - User logged out [ID: 138]
2023-01-01 00:05:58.956 - Database updated [ID: 139]
2023-01-01 00:06:03.088 - User logged in [ID: 140]
2023-01-01 00:06:04.363 - User logged out [ID: 141]
2023-01-01 00:06:06.864 - Session started successfully [ID: 142]
2023-01-01 00:06:10.656 - Session started successfully [ID: 143]
2023-01-01 00:06:15.383 - Database query [ID: 144]
2023-01-01 00:06:19.460 - Security alert issued [ID: 145]
2023-01-01 00:06:21.371 - Cache cleared successfully [ID: 146]
2023-01-01 00:06:25.782 - Backup completed [ID: 147]
2023-01-01 00:06:27.222 - User logged out [ID: 148]
2023-01-01 00:06:31.813 - Backup started [ID: 149]
2023-01-01 00:06:33.031 - RAM memory exceeding limit [ID: 150]
2023-01-01 00:06:35.525 - User logged out [ID: 151]
2023-01-01 00:06:36.265 - Apache server restarted [ID: 152]
2023-01-01 00:06:37.728 - Low disk space [ID: 153]
2023-01-01 00:06:37.872 - Configuration file loaded [ID: 154]
2023-01-01 00:06:38.601 - Reconnection attempt [ID: 155]
2023-01-01 00:06:38.925 - Configuration file loaded [ID: 156]
2023-01-01 00:06:41.170 - Security alert issued [ID: 157]
2023-01-01 00:06:43.547 - Session started successfully [ID: 158]
2023-01-01 00:06:46.345 - RAM memory exceeding limit [ID: 159]
2023-01-01 00:06:46.749 - User logged in [ID: 160]
2023-01-01 00:06:47.872 - Session started successfully [ID: 161]
2023-01-01 00:06:49.126 - User logged in [ID: 162]
2023-01-01 00:06:53.496 - Session started successfully [ID: 163]
2023-01-01 00:06:57.593 - Database updated [ID: 164]
2023-01-01 00:07:00.428 - Session started successfully [ID: 165]
2023-01-01 00:07:05.121 - RAM memory exceeding limit [ID: 166]
2023-01-01 00:07:07.618 - User logged in [ID: 167]
2023-01-01 00:07:09.327 - Connection error [ID: 168]
2023-01-01 00:07:11.131 - RAM memory exceeding limit [ID: 169]
2023-01-01 00:07:15.899 - Backup completed [ID: 170]
2023-01-01 00:07:20.314 - Apache server restarted [ID: 171]
2023-01-01 00:07:20.533 - RAM memory exceeding limit [ID: 172]
2023-01-01 00:07:22.129 - Low disk space [ID: 173]
2023-01-01 00:07:26.134 - Low disk space [ID: 174]
2023-01-01 00:07:29.614 - Apache server restarted [ID: 175]
2023-01-01 00:07:34.020 - Connection error [ID: 176]
2023-01-01 00:07:38.804 - Session started successfully [ID: 177]
2023-01-01 00:07:43.060 - Backup completed [ID: 178]
2023-01-01 00:07:44.916 - Database query [ID: 179]
2023-01-01 00:07:47.136 - User logged in [ID: 180]
2023-01-01 00:07:50.955 - Reconnection attempt [ID: 181]
2023-01-01 00:07:54.014 - RAM memory exceeding limit [ID: 182]
2023-01-01 00:07:58.119 - Database updated [ID: 183]
2023-01-01 00:07:58.178 - Session started successfully [ID: 184]
2023-01-01 00:07:59.595 - Apache server restarted [ID: 185]
2023-01-01 00:07:59.619 - Low disk space [ID: 186]
2023-01-01 00:08:00.766 - Low disk space [ID: 187]
2023-01-01 00:08:05.299 - User logged in [ID: 188]
2023-01-01 00:08:05.664 - Configuration file loaded [ID: 189]
2023-01-01 00:08:08.351 - RAM memory exceeding limit [ID: 190]
2023-01-01 00:08:10.099 - Cache cleared successfully [ID: 191]
2023-01-01 00:08:14.090 - Session started successfully [ID: 192]
2023-01-01 00:08:17.006 - Security alert issued [ID: 193]
2023-01-01 00:08:20.323 - User logged out [ID: 194]
2023-01-01 00:08:21.461 - Database query [ID: 195]
2023-01-01 00:08:24.072 - RAM memory exceeding limit [ID: 196]
2023-01-01 00:08:25.628 - User logged out [ID: 197]
2023-01-01 00:08:30.293 - Low disk space [ID: 198]
2023-01-01 00:08:31.510 - Connection error [ID: 199]
